Построение начато 27.01.2017 12:40:43.
     1>Проект "D:\Git\game1-test\Game_rl\Game_rl\Game_rl.vcxproj" в узле 2 (целевые объекты build).
     1>InitializeBuildStatus:
         Обращение к "Debug\Game_rl.unsuccessfulbuild".
       ClCompile:
         Для всех выходных данных обновления не требуется.
         Для всех выходных данных обновления не требуется.
       ManifestResourceCompile:
         Для всех выходных данных обновления не требуется.
       Link:
         D:\Program Files\Microsoft Visual Studio 10.0\VC\bin\link.exe /ERRORREPORT:PROMPT /OUT:"D:\Git\game1-test\Game_rl\Debug\Game_rl.exe" /INCREMENTAL /NOLOGO kernel32.lib user32.lib gdi32.lib winspool.lib comdlg32.lib advapi32.lib shell32.lib ole32.lib oleaut32.lib uuid.lib odbc32.lib odbccp32.lib /MANIFEST /ManifestFile:"Debug\Game_rl.exe.intermediate.manifest" /MANIFESTUAC:"level='asInvoker' uiAccess='false'" /DEBUG /PDB:"D:\Git\game1-test\Game_rl\Debug\Game_rl.pdb" /SUBSYSTEM:CONSOLE /TLBID:1 /DYNAMICBASE /NXCOMPAT /IMPLIB:"D:\Git\game1-test\Game_rl\Debug\Game_rl.lib" /MACHINE:X86 Debug\Game_rl.exe.embed.manifest.res
         Debug\Game_rl.obj
         Debug\stdafx.obj
         ..\Debug\BearLibTerminal.lib
       Manifest:
         C:\Program Files\Microsoft SDKs\Windows\v7.0A\bin\mt.exe /nologo /verbose /out:"Debug\Game_rl.exe.embed.manifest" /manifest Debug\Game_rl.exe.intermediate.manifest
         Для всех выходных данных обновления не требуется.
       LinkEmbedManifest:
         Для всех выходных данных обновления не требуется.
         Game_rl.vcxproj -> D:\Git\game1-test\Game_rl\Debug\Game_rl.exe
       FinalizeBuildStatus:
         Файл "Debug\Game_rl.unsuccessfulbuild" удаляется.
         Обращение к "Debug\Game_rl.lastbuildstate".
     1>Построение проекта "D:\Git\game1-test\Game_rl\Game_rl\Game_rl.vcxproj" завершено (целевые объекты build).

Построение успешно завершено.

Затраченное время: 00:00:01.34
